
------------------------------------------------------------
Sender: LSF System <lsfadmin@bc-22-2-03>
Subject: Job 6171487: </software/bin/R-2.15 CMD BATCH ZINBA_Analysis.r> Exited

Job </software/bin/R-2.15 CMD BATCH ZINBA_Analysis.r> was submitted from host <farm2-head3> by user <hk3> in cluster <farm2>.
Job was executed on host(s) <bc-22-2-03>, in queue <long>, as user <hk3> in cluster <farm2>.
</nfs/users/nfs_h/hk3> was used as the home directory.
</nfs/users/nfs_h/hk3/My_R_Scripts/ZINBA_CODES> was used as the working directory.
Started at Wed Jul 10 11:00:02 2013
Results reported at Thu Jul 11 09:02:10 2013

Your job looked like:

------------------------------------------------------------
# LSBATCH: User input
/software/bin/R-2.15 CMD BATCH ZINBA_Analysis.r
------------------------------------------------------------

Exited with exit code 1.

Resource usage summary:

    CPU time   : 374156.81 sec.
    Max Memory :      2290 MB
    Max Swap   :      2872 MB

    Max Processes  :        10
    Max Threads    :        11

The output (if any) is above this job summary.



PS:

Read file <zinba_0.05_whole_genome_6171487.err> for stderr output of this job.

