
------------------------------------------------------------
Sender: LSF System <lsfadmin@bc-22-3-01>
Subject: Job 6302600: </software/bin/R-2.15 CMD BATCH ZINBA_Analysis_K562_whole_genome.r> Done

Job </software/bin/R-2.15 CMD BATCH ZINBA_Analysis_K562_whole_genome.r> was submitted from host <farm2-head3> by user <hk3> in cluster <farm2>.
Job was executed on host(s) <bc-22-3-01>, in queue <long>, as user <hk3> in cluster <farm2>.
</nfs/users/nfs_h/hk3> was used as the home directory.
</nfs/users/nfs_h/hk3/My_R_Scripts/ZINBA_CODES> was used as the working directory.
Started at Fri Jul 12 08:44:10 2013
Results reported at Sat Jul 13 23:51:46 2013

Your job looked like:

------------------------------------------------------------
# LSBATCH: User input
/software/bin/R-2.15 CMD BATCH ZINBA_Analysis_K562_whole_genome.r
------------------------------------------------------------

Successfully completed.

Resource usage summary:

    CPU time   : 412092.81 sec.
    Max Memory :     10318 MB
    Max Swap   :     10900 MB

    Max Processes  :        10
    Max Threads    :        10

The output (if any) is above this job summary.



PS:

Read file <Zinba_0.05_K562_Whole_Genome6302600.err> for stderr output of this job.

